Using pre-set license
Built from '2022.3/china_unity/release' branch; Version is '2022.3.4f1c1 (dae07de86df3) revision 14344317'; Using compiler version '192829333'; Build Type 'Release'
OS: 'Windows 11  (10.0.22631) 64bit Core' Language: 'zh' Physical Memory: 32624 MB
BatchMode: 1, IsHumanControllingUs: 0, StartBugReporterOnCrash: 0, Is64bit: 1, IsPro: 1

COMMAND LINE ARGUMENTS:
D:\Program Files\UnityEditor\2022.3.4f1c1\Editor\Unity.exe
-adb2
-batchMode
-noUpm
-name
AssetImportWorker2
-projectPath
D:/workspace/unity_workspace/LD56_TC1
-logFile
Logs/AssetImportWorker2.log
-srvPort
55806
Successfully changed project path to: D:/workspace/unity_workspace/LD56_TC1
D:/workspace/unity_workspace/LD56_TC1
[UnityMemory] Configuration Parameters - Can be set up in boot.config
    "memorysetup-bucket-allocator-granularity=16"
    "memorysetup-bucket-allocator-bucket-count=8"
    "memorysetup-bucket-allocator-block-size=33554432"
    "memorysetup-bucket-allocator-block-count=8"
    "memorysetup-main-allocator-block-size=16777216"
    "memorysetup-thread-allocator-block-size=16777216"
    "memorysetup-gfx-main-allocator-block-size=16777216"
    "memorysetup-gfx-thread-allocator-block-size=16777216"
    "memorysetup-cache-allocator-block-size=4194304"
    "memorysetup-typetree-allocator-block-size=2097152"
    "memorysetup-profiler-bucket-allocator-granularity=16"
    "memorysetup-profiler-bucket-allocator-bucket-count=8"
    "memorysetup-profiler-bucket-allocator-block-size=33554432"
    "memorysetup-profiler-bucket-allocator-block-count=8"
    "memorysetup-profiler-allocator-block-size=16777216"
    "memorysetup-profiler-editor-allocator-block-size=1048576"
    "memorysetup-temp-allocator-size-main=16777216"
    "memorysetup-job-temp-allocator-block-size=2097152"
    "memorysetup-job-temp-allocator-block-size-background=1048576"
    "memorysetup-job-temp-allocator-reduction-small-platforms=262144"
    "memorysetup-allocator-temp-initial-block-size-main=262144"
    "memorysetup-allocator-temp-initial-block-size-worker=262144"
    "memorysetup-temp-allocator-size-background-worker=32768"
    "memorysetup-temp-allocator-size-job-worker=262144"
    "memorysetup-temp-allocator-size-preload-manager=33554432"
    "memorysetup-temp-allocator-size-nav-mesh-worker=65536"
    "memorysetup-temp-allocator-size-audio-worker=65536"
    "memorysetup-temp-allocator-size-cloud-worker=32768"
    "memorysetup-temp-allocator-size-gi-baking-worker=262144"
    "memorysetup-temp-allocator-size-gfx=262144"
Player connection [32796] Host "[IP] 192.168.1.6 [Port] 0 [Flags] 2 [Guid] 567921783 [EditorId] 567921783 [Version] 1048832 [Id] WindowsEditor(7,xldepc) [Debug] 1 [PackageName] WindowsEditor [ProjectName] Editor" joined multi-casting on [225.0.0.222:54997]...

Player connection [32796] Host "[IP] 192.168.1.6 [Port] 0 [Flags] 2 [Guid] 567921783 [EditorId] 567921783 [Version] 1048832 [Id] WindowsEditor(7,xldepc) [Debug] 1 [PackageName] WindowsEditor [ProjectName] Editor" joined alternative multi-casting on [225.0.0.222:34997]...

Refreshing native plugins compatible for Editor in 15.45 ms, found 4 plugins.
Preloading 0 native plugins for Editor in 0.00 ms.
Initialize engine version: 2022.3.4f1c1 (dae07de86df3)
[Subsystems] Discovering subsystems at path D:/Program Files/UnityEditor/2022.3.4f1c1/Editor/Data/Resources/UnitySubsystems
[Subsystems] Discovering subsystems at path D:/workspace/unity_workspace/LD56_TC1/Assets
GfxDevice: creating device client; threaded=0; jobified=0
Direct3D:
    Version:  Direct3D 11.0 [level 11.1]
    Renderer: NVIDIA GeForce RTX 2060 SUPER (ID=0x1f06)
    Vendor:   NVIDIA
    VRAM:     8006 MB
    Driver:   32.0.15.6094
Initialize mono
Mono path[0] = 'D:/Program Files/UnityEditor/2022.3.4f1c1/Editor/Data/Managed'
Mono path[1] = 'D:/Program Files/UnityEditor/2022.3.4f1c1/Editor/Data/MonoBleedingEdge/lib/mono/unityjit-win32'
Mono config path = 'D:/Program Files/UnityEditor/2022.3.4f1c1/Editor/Data/MonoBleedingEdge/etc'
Using monoOptions --debugger-agent=transport=dt_socket,embedding=1,server=y,suspend=n,address=127.0.0.1:56216
Begin MonoManager ReloadAssembly
Registering precompiled unity dll's ...
Register platform support module: D:/Program Files/UnityEditor/2022.3.4f1c1/Editor/Data/PlaybackEngines/WebGLSupport/UnityEditor.WebGL.Extensions.dll
Register platform support module: D:/Program Files/UnityEditor/2022.3.4f1c1/Editor/Data/PlaybackEngines/WindowsStandaloneSupport/UnityEditor.WindowsStandalone.Extensions.dll
Registered in 0.006242 seconds.
- Loaded All Assemblies, in  0.239 seconds
Native extension for WindowsStandalone target not found
Native extension for WebGL target not found
Mono: successfully reloaded assembly
- Finished resetting the current domain, in  0.183 seconds
Domain Reload Profiling: 421ms
	BeginReloadAssembly (71ms)
		ExecutionOrderSort (0ms)
		DisableScriptedObjects (0ms)
		BackupInstance (0ms)
		ReleaseScriptingObjects (0ms)
		CreateAndSetChildDomain (1ms)
	RebuildCommonClasses (24ms)
	RebuildNativeTypeToScriptingClass (7ms)
	initialDomainReloadingComplete (41ms)
	LoadAllAssembliesAndSetupDomain (95ms)
		LoadAssemblies (68ms)
		RebuildTransferFunctionScriptingTraits (0ms)
		AnalyzeDomain (90ms)
			TypeCache.Refresh (90ms)
				TypeCache.ScanAssembly (82ms)
			ScanForSourceGeneratedMonoScriptInfo (0ms)
			ResolveRequiredComponents (0ms)
	FinalizeReload (183ms)
		ReleaseScriptCaches (0ms)
		RebuildScriptCaches (0ms)
		SetupLoadedEditorAssemblies (144ms)
			LogAssemblyErrors (0ms)
			InitializePlatformSupportModulesInManaged (6ms)
			SetLoadedEditorAssemblies (4ms)
			RefreshPlugins (0ms)
			BeforeProcessingInitializeOnLoad (1ms)
			ProcessInitializeOnLoadAttributes (99ms)
			ProcessInitializeOnLoadMethodAttributes (34ms)
			AfterProcessingInitializeOnLoad (0ms)
			EditorAssembliesLoaded (0ms)
		ExecutionOrderSort2 (0ms)
		AwakeInstancesAfterBackupRestoration (0ms)
========================================================================
Worker process is ready to serve import requests
Begin MonoManager ReloadAssembly
Symbol file LoadedFromMemory doesn't match image D:\workspace\unity_workspace\LD56_TC1\Library\PackageCache\com.unity.visualscripting@1.8.0\Editor\VisualScripting.Core\Dependencies\YamlDotNet\Unity.VisualScripting.YamlDotNet.dll
Symbol file LoadedFromMemory doesn't match image D:\workspace\unity_workspace\LD56_TC1\Library\PackageCache\com.unity.visualscripting@1.8.0\Editor\VisualScripting.Core\Dependencies\DotNetZip\Unity.VisualScripting.IonicZip.dll
- Loaded All Assemblies, in  0.509 seconds
Refreshing native plugins compatible for Editor in 2.99 ms, found 4 plugins.
Native extension for WindowsStandalone target not found
Native extension for WebGL target not found
Mono: successfully reloaded assembly
- Finished resetting the current domain, in  0.482 seconds
Domain Reload Profiling: 989ms
	BeginReloadAssembly (87ms)
		ExecutionOrderSort (0ms)
		DisableScriptedObjects (3ms)
		BackupInstance (0ms)
		ReleaseScriptingObjects (0ms)
		CreateAndSetChildDomain (15ms)
	RebuildCommonClasses (22ms)
	RebuildNativeTypeToScriptingClass (7ms)
	initialDomainReloadingComplete (30ms)
	LoadAllAssembliesAndSetupDomain (361ms)
		LoadAssemblies (189ms)
		RebuildTransferFunctionScriptingTraits (0ms)
		AnalyzeDomain (211ms)
			TypeCache.Refresh (187ms)
				TypeCache.ScanAssembly (177ms)
			ScanForSourceGeneratedMonoScriptInfo (21ms)
			ResolveRequiredComponents (3ms)
	FinalizeReload (483ms)
		ReleaseScriptCaches (0ms)
		RebuildScriptCaches (0ms)
		SetupLoadedEditorAssemblies (335ms)
			LogAssemblyErrors (0ms)
			InitializePlatformSupportModulesInManaged (5ms)
			SetLoadedEditorAssemblies (4ms)
			RefreshPlugins (0ms)
			BeforeProcessingInitializeOnLoad (57ms)
			ProcessInitializeOnLoadAttributes (236ms)
			ProcessInitializeOnLoadMethodAttributes (29ms)
			AfterProcessingInitializeOnLoad (4ms)
			EditorAssembliesLoaded (0ms)
		ExecutionOrderSort2 (0ms)
		AwakeInstancesAfterBackupRestoration (5ms)
Launched and connected shader compiler UnityShaderCompiler.exe after 0.07 seconds
Refreshing native plugins compatible for Editor in 4.89 ms, found 4 plugins.
Preloading 0 native plugins for Editor in 0.00 ms.
Unloading 4229 Unused Serialized files (Serialized files now loaded: 0)
Unloading 82 unused Assets / (316.9 KB). Loaded Objects now: 4689.
Memory consumption went from 147.9 MB to 147.6 MB.
Total: 2.754000 ms (FindLiveObjects: 0.185000 ms CreateObjectMapping: 0.110300 ms MarkObjects: 2.251800 ms  DeleteObjects: 0.205800 ms)

AssetImportParameters requested are different than current active one (requested -> active):
  custom:container-demuxer-ogg: 62fdf1f143b41e24485cea50d1cbac27 -> 
  custom:video-codec-MediaFoundation-h265: 746d11721c4dcdbdad8f713fa42b33f4 -> 
  custom:video-decoder-ogg-theora: a1e56fd34408186e4bbccfd4996cb3dc -> 
  custom:framework-win-MediaFoundation: 216162199b28c13a410421893ffa2e32 -> 
  custom:CustomObjectIndexerAttribute: 756ad292c208cfabdd7b50bc23989ffe -> 
  custom:container-demuxer-webm: 4f35f7cbe854078d1ac9338744f61a02 -> 
  custom:container-muxer-webm: aa71ff27fc2769a1b78a27578f13a17b -> 
  custom:video-decoder-webm-vp8: 9c59270c3fd7afecdb556c50c9e8de78 -> 
  custom:AudioImporter_EditorPlatform: d09bf68614088b80899f8185d706f6e7 -> 
  custom:video-encoder-webm-vp8: eb34c28f22e8b96e1ab97ce403110664 -> 
  custom:audio-decoder-ogg-vorbis: bf7c407c2cedff20999df2af8eb42d56 -> 
  custom:audio-encoder-webm-vorbis: bf7c407c2cedff20999df2af8eb42d56 -> 
========================================================================
Received Prepare
Refreshing native plugins compatible for Editor in 2.61 ms, found 4 plugins.
Preloading 0 native plugins for Editor in 0.00 ms.
Unloading 8 Unused Serialized files (Serialized files now loaded: 0)
Unloading 8 unused Assets / (272.0 KB). Loaded Objects now: 4689.
Memory consumption went from 78.7 MB to 78.4 MB.
Total: 2.318200 ms (FindLiveObjects: 0.185000 ms CreateObjectMapping: 0.102700 ms MarkObjects: 1.918300 ms  DeleteObjects: 0.111500 ms)

Prepare: number of updated asset objects reloaded= 0
AssetImportParameters requested are different than current active one (requested -> active):
  custom:container-demuxer-ogg: 62fdf1f143b41e24485cea50d1cbac27 -> 
  custom:video-codec-MediaFoundation-h265: 746d11721c4dcdbdad8f713fa42b33f4 -> 
  custom:video-decoder-ogg-theora: a1e56fd34408186e4bbccfd4996cb3dc -> 
  custom:framework-win-MediaFoundation: 216162199b28c13a410421893ffa2e32 -> 
  custom:CustomObjectIndexerAttribute: 756ad292c208cfabdd7b50bc23989ffe -> 
  custom:container-demuxer-webm: 4f35f7cbe854078d1ac9338744f61a02 -> 
  custom:container-muxer-webm: aa71ff27fc2769a1b78a27578f13a17b -> 
  custom:video-decoder-webm-vp8: 9c59270c3fd7afecdb556c50c9e8de78 -> 
  custom:SearchIndexIgnoredProperties: e643bd26f0fe6173181afceb89e7c659 -> 
  custom:AudioImporter_EditorPlatform: d09bf68614088b80899f8185d706f6e7 -> 
  custom:video-encoder-webm-vp8: eb34c28f22e8b96e1ab97ce403110664 -> 
  custom:audio-decoder-ogg-vorbis: bf7c407c2cedff20999df2af8eb42d56 -> 
  custom:audio-encoder-webm-vorbis: bf7c407c2cedff20999df2af8eb42d56 -> 
========================================================================
Received Prepare
Refreshing native plugins compatible for Editor in 2.74 ms, found 4 plugins.
Preloading 0 native plugins for Editor in 0.00 ms.
Unloading 8 Unused Serialized files (Serialized files now loaded: 0)
Unloading 8 unused Assets / (271.9 KB). Loaded Objects now: 4689.
Memory consumption went from 78.3 MB to 78.1 MB.
Total: 2.618200 ms (FindLiveObjects: 0.180700 ms CreateObjectMapping: 0.117500 ms MarkObjects: 2.186300 ms  DeleteObjects: 0.132500 ms)

Prepare: number of updated asset objects reloaded= 0
AssetImportParameters requested are different than current active one (requested -> active):
  custom:container-demuxer-ogg: 62fdf1f143b41e24485cea50d1cbac27 -> 
  custom:video-codec-MediaFoundation-h265: 746d11721c4dcdbdad8f713fa42b33f4 -> 
  custom:video-decoder-ogg-theora: a1e56fd34408186e4bbccfd4996cb3dc -> 
  custom:framework-win-MediaFoundation: 216162199b28c13a410421893ffa2e32 -> 
  custom:CustomObjectIndexerAttribute: 756ad292c208cfabdd7b50bc23989ffe -> 
  custom:container-demuxer-webm: 4f35f7cbe854078d1ac9338744f61a02 -> 
  custom:container-muxer-webm: aa71ff27fc2769a1b78a27578f13a17b -> 
  custom:video-decoder-webm-vp8: 9c59270c3fd7afecdb556c50c9e8de78 -> 
  custom:SearchIndexIgnoredProperties: e643bd26f0fe6173181afceb89e7c659 -> 
  custom:AudioImporter_EditorPlatform: d09bf68614088b80899f8185d706f6e7 -> 
  custom:video-encoder-webm-vp8: eb34c28f22e8b96e1ab97ce403110664 -> 
  custom:audio-decoder-ogg-vorbis: bf7c407c2cedff20999df2af8eb42d56 -> 
  custom:audio-encoder-webm-vorbis: bf7c407c2cedff20999df2af8eb42d56 -> 
========================================================================
Received Import Request.
  Time since last request: 2244270.819006 seconds.
  path: Assets/Prefabs/BulletTracer.prefab
  artifactKey: Guid(800edde6cd1837e4eb46df50d38882f5) Importer(815301076,1909f56bfc062723c751e8b465ee728b)
Start importing Assets/Prefabs/BulletTracer.prefab using Guid(800edde6cd1837e4eb46df50d38882f5) Importer(815301076,1909f56bfc062723c751e8b465ee728b)  -> (artifact id: 'b8a6371d9b57540c6c6e43fe7268bbcb') in 0.085494 seconds
Number of updated asset objects reloaded before import = 0
Number of asset objects unloaded after import = 6
========================================================================
Received Prepare
Refreshing native plugins compatible for Editor in 3.73 ms, found 4 plugins.
Preloading 0 native plugins for Editor in 0.00 ms.
Unloading 7 Unused Serialized files (Serialized files now loaded: 0)
Unloading 9 unused Assets / (270.7 KB). Loaded Objects now: 4698.
Memory consumption went from 82.8 MB to 82.5 MB.
Total: 3.389100 ms (FindLiveObjects: 0.199100 ms CreateObjectMapping: 0.107400 ms MarkObjects: 2.921100 ms  DeleteObjects: 0.160500 ms)

Prepare: number of updated asset objects reloaded= 0
AssetImportParameters requested are different than current active one (requested -> active):
  custom:container-demuxer-ogg: 62fdf1f143b41e24485cea50d1cbac27 -> 
  custom:video-codec-MediaFoundation-h265: 746d11721c4dcdbdad8f713fa42b33f4 -> 
  custom:video-decoder-ogg-theora: a1e56fd34408186e4bbccfd4996cb3dc -> 
  custom:framework-win-MediaFoundation: 216162199b28c13a410421893ffa2e32 -> 
  custom:CustomObjectIndexerAttribute: 756ad292c208cfabdd7b50bc23989ffe -> 
  custom:container-demuxer-webm: 4f35f7cbe854078d1ac9338744f61a02 -> 
  custom:container-muxer-webm: aa71ff27fc2769a1b78a27578f13a17b -> 
  custom:video-decoder-webm-vp8: 9c59270c3fd7afecdb556c50c9e8de78 -> 
  custom:SearchIndexIgnoredProperties: e643bd26f0fe6173181afceb89e7c659 -> 
  custom:AudioImporter_EditorPlatform: d09bf68614088b80899f8185d706f6e7 -> 
  custom:video-encoder-webm-vp8: eb34c28f22e8b96e1ab97ce403110664 -> 
  custom:audio-decoder-ogg-vorbis: bf7c407c2cedff20999df2af8eb42d56 -> 
  custom:audio-encoder-webm-vorbis: bf7c407c2cedff20999df2af8eb42d56 -> 
========================================================================
Received Import Request.
  Time since last request: 193.680927 seconds.
  path: Assets/Scenes/SampleScene.unity
  artifactKey: Guid(2cda990e2423bbf4892e6590ba056729) Importer(2089858483,0ecaa5967403d082aa24f35e1b516d23)
Start importing Assets/Scenes/SampleScene.unity using Guid(2cda990e2423bbf4892e6590ba056729) Importer(2089858483,0ecaa5967403d082aa24f35e1b516d23) Generated GUIDs only implemented for interfaces!
 -> (artifact id: '6cbec245631712f737eece1bebe25224') in 0.068517 seconds
Number of updated asset objects reloaded before import = 0
Number of asset objects unloaded after import = 1
========================================================================
Received Import Request.
  Time since last request: 20.595340 seconds.
  path: Assets/Scenes/SampleScene.unity
  artifactKey: Guid(2cda990e2423bbf4892e6590ba056729) Importer(2089858483,0ecaa5967403d082aa24f35e1b516d23)
Start importing Assets/Scenes/SampleScene.unity using Guid(2cda990e2423bbf4892e6590ba056729) Importer(2089858483,0ecaa5967403d082aa24f35e1b516d23) Generated GUIDs only implemented for interfaces!
 -> (artifact id: '1e9e70c6c6a9f8ddd89de5c5cf11ae5f') in 0.008759 seconds
Number of updated asset objects reloaded before import = 0
Number of asset objects unloaded after import = 1
========================================================================
Received Import Request.
  Time since last request: 8.711940 seconds.
  path: Assets/Test_re/Free Pixel Army/Documentation
  artifactKey: Guid(f17e1cd39a8d7f04b8c850499b954f12) Importer(815301076,1909f56bfc062723c751e8b465ee728b)
Start importing Assets/Test_re/Free Pixel Army/Documentation using Guid(f17e1cd39a8d7f04b8c850499b954f12) Importer(815301076,1909f56bfc062723c751e8b465ee728b)  -> (artifact id: '9e384071da5cdf4a504ee46841595d51') in 0.000401 seconds
Number of updated asset objects reloaded before import = 0
Number of asset objects unloaded after import = 0
========================================================================
Received Import Request.
  Time since last request: 4.528703 seconds.
  path: Assets/Test_re/Free Pixel Army/Scenes
  artifactKey: Guid(84d763592c081ff46b2826084550fe42) Importer(815301076,1909f56bfc062723c751e8b465ee728b)
Start importing Assets/Test_re/Free Pixel Army/Scenes using Guid(84d763592c081ff46b2826084550fe42) Importer(815301076,1909f56bfc062723c751e8b465ee728b)  -> (artifact id: '40eff0bdee14de1f096d5c8b99c2ce40') in 0.000421 seconds
Number of updated asset objects reloaded before import = 0
Number of asset objects unloaded after import = 0
========================================================================
Received Import Request.
  Time since last request: 1.134361 seconds.
  path: Assets/Test_re/Free Pixel Army/Scripts
  artifactKey: Guid(d9d5e6ade797dea44946fc84138818a5) Importer(815301076,1909f56bfc062723c751e8b465ee728b)
Start importing Assets/Test_re/Free Pixel Army/Scripts using Guid(d9d5e6ade797dea44946fc84138818a5) Importer(815301076,1909f56bfc062723c751e8b465ee728b)  -> (artifact id: '19eb8d1f97531bd4743e24d91dfa5594') in 0.000395 seconds
Number of updated asset objects reloaded before import = 0
Number of asset objects unloaded after import = 0
========================================================================
Received Prepare
Begin MonoManager ReloadAssembly
Symbol file LoadedFromMemory doesn't match image D:\workspace\unity_workspace\LD56_TC1\Library\PackageCache\com.unity.visualscripting@1.8.0\Editor\VisualScripting.Core\Dependencies\YamlDotNet\Unity.VisualScripting.YamlDotNet.dll
Symbol file LoadedFromMemory doesn't match image D:\workspace\unity_workspace\LD56_TC1\Library\PackageCache\com.unity.visualscripting@1.8.0\Editor\VisualScripting.Core\Dependencies\DotNetZip\Unity.VisualScripting.IonicZip.dll
- Loaded All Assemblies, in  0.518 seconds
Refreshing native plugins compatible for Editor in 3.07 ms, found 4 plugins.
Native extension for WindowsStandalone target not found
Native extension for WebGL target not found
Mono: successfully reloaded assembly
- Finished resetting the current domain, in  0.651 seconds
Domain Reload Profiling: 1167ms
	BeginReloadAssembly (122ms)
		ExecutionOrderSort (0ms)
		DisableScriptedObjects (7ms)
		BackupInstance (0ms)
		ReleaseScriptingObjects (0ms)
		CreateAndSetChildDomain (32ms)
	RebuildCommonClasses (26ms)
	RebuildNativeTypeToScriptingClass (7ms)
	initialDomainReloadingComplete (24ms)
	LoadAllAssembliesAndSetupDomain (335ms)
		LoadAssemblies (211ms)
		RebuildTransferFunctionScriptingTraits (0ms)
		AnalyzeDomain (179ms)
			TypeCache.Refresh (170ms)
				TypeCache.ScanAssembly (162ms)
			ScanForSourceGeneratedMonoScriptInfo (3ms)
			ResolveRequiredComponents (5ms)
	FinalizeReload (651ms)
		ReleaseScriptCaches (0ms)
		RebuildScriptCaches (0ms)
		SetupLoadedEditorAssemblies (293ms)
			LogAssemblyErrors (0ms)
			InitializePlatformSupportModulesInManaged (4ms)
			SetLoadedEditorAssemblies (2ms)
			RefreshPlugins (0ms)
			BeforeProcessingInitializeOnLoad (57ms)
			ProcessInitializeOnLoadAttributes (198ms)
			ProcessInitializeOnLoadMethodAttributes (26ms)
			AfterProcessingInitializeOnLoad (5ms)
			EditorAssembliesLoaded (0ms)
		ExecutionOrderSort2 (0ms)
		AwakeInstancesAfterBackupRestoration (11ms)
Refreshing native plugins compatible for Editor in 3.47 ms, found 4 plugins.
Preloading 0 native plugins for Editor in 0.00 ms.
Unloading 4205 Unused Serialized files (Serialized files now loaded: 0)
Unloading 46 unused Assets / (290.2 KB). Loaded Objects now: 4710.
Memory consumption went from 147.4 MB to 147.1 MB.
Total: 2.689300 ms (FindLiveObjects: 0.192900 ms CreateObjectMapping: 0.110900 ms MarkObjects: 2.224800 ms  DeleteObjects: 0.159400 ms)

Prepare: number of updated asset objects reloaded= 0
AssetImportParameters requested are different than current active one (requested -> active):
  custom:container-demuxer-ogg: 62fdf1f143b41e24485cea50d1cbac27 -> 
  custom:video-codec-MediaFoundation-h265: 746d11721c4dcdbdad8f713fa42b33f4 -> 
  custom:video-decoder-ogg-theora: a1e56fd34408186e4bbccfd4996cb3dc -> 
  custom:framework-win-MediaFoundation: 216162199b28c13a410421893ffa2e32 -> 
  custom:CustomObjectIndexerAttribute: 756ad292c208cfabdd7b50bc23989ffe -> 
  custom:container-demuxer-webm: 4f35f7cbe854078d1ac9338744f61a02 -> 
  custom:container-muxer-webm: aa71ff27fc2769a1b78a27578f13a17b -> 
  custom:video-decoder-webm-vp8: 9c59270c3fd7afecdb556c50c9e8de78 -> 
  custom:SearchIndexIgnoredProperties: e643bd26f0fe6173181afceb89e7c659 -> 
  custom:AudioImporter_EditorPlatform: d09bf68614088b80899f8185d706f6e7 -> 
  custom:video-encoder-webm-vp8: eb34c28f22e8b96e1ab97ce403110664 -> 
  custom:audio-decoder-ogg-vorbis: bf7c407c2cedff20999df2af8eb42d56 -> 
  custom:audio-encoder-webm-vorbis: bf7c407c2cedff20999df2af8eb42d56 -> 
========================================================================
Received Import Request.
  Time since last request: 9.919333 seconds.
  path: Assets/Test_re/Free Pixel Army/Sprites/Humans
  artifactKey: Guid(5bb451ee29fd622488b06e413f498763) Importer(815301076,1909f56bfc062723c751e8b465ee728b)
Start importing Assets/Test_re/Free Pixel Army/Sprites/Humans using Guid(5bb451ee29fd622488b06e413f498763) Importer(815301076,1909f56bfc062723c751e8b465ee728b)  -> (artifact id: 'f933ddbd169d83c67ea5481816e74479') in 0.001554 seconds
Number of updated asset objects reloaded before import = 0
Number of asset objects unloaded after import = 0
========================================================================
Received Import Request.
  Time since last request: 1.324638 seconds.
  path: Assets/Test_re/Free Pixel Army/Sprites/Humans/General
  artifactKey: Guid(31f5e111761f9d2438a3f35688680e66) Importer(815301076,1909f56bfc062723c751e8b465ee728b)
Start importing Assets/Test_re/Free Pixel Army/Sprites/Humans/General using Guid(31f5e111761f9d2438a3f35688680e66) Importer(815301076,1909f56bfc062723c751e8b465ee728b)  -> (artifact id: '3e49d8d7163a2287d8a1bfb794cf178d') in 0.000583 seconds
Number of updated asset objects reloaded before import = 0
Number of asset objects unloaded after import = 0
========================================================================
Received Import Request.
  Time since last request: 2.538675 seconds.
  path: Assets/Test_re/Free Pixel Army/Sprites/Humans/Helmet
  artifactKey: Guid(4f25264ea0d996a4da11e665121533bd) Importer(815301076,1909f56bfc062723c751e8b465ee728b)
Start importing Assets/Test_re/Free Pixel Army/Sprites/Humans/Helmet using Guid(4f25264ea0d996a4da11e665121533bd) Importer(815301076,1909f56bfc062723c751e8b465ee728b)  -> (artifact id: '0410465bda4961bd601412904c2fb4a7') in 0.000386 seconds
Number of updated asset objects reloaded before import = 0
Number of asset objects unloaded after import = 0
========================================================================
Received Import Request.
  Time since last request: 1.523625 seconds.
  path: Assets/Test_re/Free Pixel Army/Sprites/Humans/Ordinary
  artifactKey: Guid(5218d270b3ce7094296f0fb684c6684a) Importer(815301076,1909f56bfc062723c751e8b465ee728b)
Start importing Assets/Test_re/Free Pixel Army/Sprites/Humans/Ordinary using Guid(5218d270b3ce7094296f0fb684c6684a) Importer(815301076,1909f56bfc062723c751e8b465ee728b)  -> (artifact id: '96be974b2df0f7fe09c6e304247ff493') in 0.000389 seconds
Number of updated asset objects reloaded before import = 0
Number of asset objects unloaded after import = 0
========================================================================
Received Import Request.
  Time since last request: 7.004746 seconds.
  path: Assets/Test_re/Free Pixel Army/Sprites/Tiles
  artifactKey: Guid(e87f352587b459e4596f801a72ca7f56) Importer(815301076,1909f56bfc062723c751e8b465ee728b)
Start importing Assets/Test_re/Free Pixel Army/Sprites/Tiles using Guid(e87f352587b459e4596f801a72ca7f56) Importer(815301076,1909f56bfc062723c751e8b465ee728b)  -> (artifact id: '5563c8f43ff5be298cb3c97b7aaa18f1') in 0.000389 seconds
Number of updated asset objects reloaded before import = 0
Number of asset objects unloaded after import = 0
========================================================================
Received Import Request.
  Time since last request: 1.464620 seconds.
  path: Assets/Test_re/Free Pixel Army/Sprites/Tiles/TileSet128x128.png
  artifactKey: Guid(f89c352719dfe534d97cd12e2f79bb7e) Importer(815301076,1909f56bfc062723c751e8b465ee728b)
Start importing Assets/Test_re/Free Pixel Army/Sprites/Tiles/TileSet128x128.png using Guid(f89c352719dfe534d97cd12e2f79bb7e) Importer(815301076,1909f56bfc062723c751e8b465ee728b)  -> (artifact id: '591a19673225d04e87a79c9ef0da2ede') in 0.103801 seconds
Number of updated asset objects reloaded before import = 0
Number of asset objects unloaded after import = 42
========================================================================
Received Import Request.
  Time since last request: 15.703777 seconds.
  path: Assets/Test_re/Exp2.anim
  artifactKey: Guid(b04b09863e3f82e4ab4e0d52dc7c41e4) Importer(815301076,1909f56bfc062723c751e8b465ee728b)
Start importing Assets/Test_re/Exp2.anim using Guid(b04b09863e3f82e4ab4e0d52dc7c41e4) Importer(815301076,1909f56bfc062723c751e8b465ee728b)  -> (artifact id: '130e83d89a79f0a8b10b98a494b1eaf9') in 0.001099 seconds
Number of updated asset objects reloaded before import = 0
Number of asset objects unloaded after import = 1
========================================================================
Received Import Request.
  Time since last request: 1.050716 seconds.
  path: Assets/Test_re/Tplayer.controller
  artifactKey: Guid(ee93de4a23623a0478ee972b8a9728e3) Importer(815301076,1909f56bfc062723c751e8b465ee728b)
Start importing Assets/Test_re/Tplayer.controller using Guid(ee93de4a23623a0478ee972b8a9728e3) Importer(815301076,1909f56bfc062723c751e8b465ee728b)  -> (artifact id: '4131fa04706b511a4fff572d62037f1d') in 0.001901 seconds
Number of updated asset objects reloaded before import = 0
Number of asset objects unloaded after import = 8
========================================================================
Received Prepare
Refreshing native plugins compatible for Editor in 3.58 ms, found 4 plugins.
Preloading 0 native plugins for Editor in 0.00 ms.
Unloading 7 Unused Serialized files (Serialized files now loaded: 0)
Unloading 8 unused Assets / (269.9 KB). Loaded Objects now: 4715.
Memory consumption went from 82.8 MB to 82.6 MB.
Total: 4.168400 ms (FindLiveObjects: 0.216000 ms CreateObjectMapping: 0.142800 ms MarkObjects: 3.670600 ms  DeleteObjects: 0.138100 ms)

Prepare: number of updated asset objects reloaded= 0
AssetImportParameters requested are different than current active one (requested -> active):
  custom:container-demuxer-ogg: 62fdf1f143b41e24485cea50d1cbac27 -> 
  custom:video-codec-MediaFoundation-h265: 746d11721c4dcdbdad8f713fa42b33f4 -> 
  custom:video-decoder-ogg-theora: a1e56fd34408186e4bbccfd4996cb3dc -> 
  custom:framework-win-MediaFoundation: 216162199b28c13a410421893ffa2e32 -> 
  custom:CustomObjectIndexerAttribute: 756ad292c208cfabdd7b50bc23989ffe -> 
  custom:container-demuxer-webm: 4f35f7cbe854078d1ac9338744f61a02 -> 
  custom:container-muxer-webm: aa71ff27fc2769a1b78a27578f13a17b -> 
  custom:video-decoder-webm-vp8: 9c59270c3fd7afecdb556c50c9e8de78 -> 
  custom:SearchIndexIgnoredProperties: e643bd26f0fe6173181afceb89e7c659 -> 
  custom:AudioImporter_EditorPlatform: d09bf68614088b80899f8185d706f6e7 -> 
  custom:video-encoder-webm-vp8: eb34c28f22e8b96e1ab97ce403110664 -> 
  custom:audio-decoder-ogg-vorbis: bf7c407c2cedff20999df2af8eb42d56 -> 
  custom:audio-encoder-webm-vorbis: bf7c407c2cedff20999df2af8eb42d56 -> 
========================================================================
Received Import Request.
  Time since last request: 661.537495 seconds.
  path: Assets/Test_re/Free Pixel Army/Sprites/Humans/Helmet/Animation/Yawn.anim
  artifactKey: Guid(1132bbdb1bc39854aa630bad0a756b4d) Importer(815301076,1909f56bfc062723c751e8b465ee728b)
Start importing Assets/Test_re/Free Pixel Army/Sprites/Humans/Helmet/Animation/Yawn.anim using Guid(1132bbdb1bc39854aa630bad0a756b4d) Importer(815301076,1909f56bfc062723c751e8b465ee728b)  -> (artifact id: '70e43782a01c9b1fde7d4a06837dc77b') in 0.002279 seconds
Number of updated asset objects reloaded before import = 0
Number of asset objects unloaded after import = 1
========================================================================
Received Import Request.
  Time since last request: 0.493615 seconds.
  path: Assets/Test_re/Free Pixel Army/Sprites/Humans/Helmet/Animation/Walk.anim
  artifactKey: Guid(ce15dd1d2089b494990f0f7f6d5a283f) Importer(815301076,1909f56bfc062723c751e8b465ee728b)
Start importing Assets/Test_re/Free Pixel Army/Sprites/Humans/Helmet/Animation/Walk.anim using Guid(ce15dd1d2089b494990f0f7f6d5a283f) Importer(815301076,1909f56bfc062723c751e8b465ee728b)  -> (artifact id: '9287c6c3b3597214d73c76b4659be0b1') in 0.000971 seconds
Number of updated asset objects reloaded before import = 0
Number of asset objects unloaded after import = 1
========================================================================
Received Import Request.
  Time since last request: 0.383459 seconds.
  path: Assets/Test_re/Free Pixel Army/Sprites/Humans/Helmet/Animation/Helmet.controller
  artifactKey: Guid(c0a69f4e429e90642a40d6f691786578) Importer(815301076,1909f56bfc062723c751e8b465ee728b)
Start importing Assets/Test_re/Free Pixel Army/Sprites/Humans/Helmet/Animation/Helmet.controller using Guid(c0a69f4e429e90642a40d6f691786578) Importer(815301076,1909f56bfc062723c751e8b465ee728b)  -> (artifact id: 'd657a54f819267fd03aefc9fd3538b9b') in 0.001879 seconds
Number of updated asset objects reloaded before import = 0
Number of asset objects unloaded after import = 14
========================================================================
Received Import Request.
  Time since last request: 121.587547 seconds.
  path: Assets/Test_re/Free Pixel Army/Sprites/Humans/Helmet/WalkHelmetAnim.png
  artifactKey: Guid(2f3ad70f19a882142b9f050d699fd4e0) Importer(815301076,1909f56bfc062723c751e8b465ee728b)
Start importing Assets/Test_re/Free Pixel Army/Sprites/Humans/Helmet/WalkHelmetAnim.png using Guid(2f3ad70f19a882142b9f050d699fd4e0) Importer(815301076,1909f56bfc062723c751e8b465ee728b)  -> (artifact id: '6d0bf9cb982625a1d4cb3a67cdb7f760') in 0.045818 seconds
Number of updated asset objects reloaded before import = 0
Number of asset objects unloaded after import = 5
========================================================================
Received Import Request.
  Time since last request: 8.102566 seconds.
  path: Assets/Test_re/Free Pixel Army/Sprites/Humans/Helmet/Helmet.png
  artifactKey: Guid(564fedabfe62bd5439a41debe47e7d9a) Importer(815301076,1909f56bfc062723c751e8b465ee728b)
Start importing Assets/Test_re/Free Pixel Army/Sprites/Humans/Helmet/Helmet.png using Guid(564fedabfe62bd5439a41debe47e7d9a) Importer(815301076,1909f56bfc062723c751e8b465ee728b)  -> (artifact id: 'c0ce3bc73eedfba373495db3ff58e408') in 0.012391 seconds
Number of updated asset objects reloaded before import = 0
Number of asset objects unloaded after import = 3
========================================================================
Received Prepare
Begin MonoManager ReloadAssembly
Symbol file LoadedFromMemory doesn't match image D:\workspace\unity_workspace\LD56_TC1\Library\PackageCache\com.unity.visualscripting@1.8.0\Editor\VisualScripting.Core\Dependencies\YamlDotNet\Unity.VisualScripting.YamlDotNet.dll
Symbol file LoadedFromMemory doesn't match image D:\workspace\unity_workspace\LD56_TC1\Library\PackageCache\com.unity.visualscripting@1.8.0\Editor\VisualScripting.Core\Dependencies\DotNetZip\Unity.VisualScripting.IonicZip.dll
- Loaded All Assemblies, in  0.482 seconds
Refreshing native plugins compatible for Editor in 3.90 ms, found 4 plugins.
Native extension for WindowsStandalone target not found
Native extension for WebGL target not found
Mono: successfully reloaded assembly
- Finished resetting the current domain, in  0.604 seconds
Domain Reload Profiling: 1084ms
	BeginReloadAssembly (116ms)
		ExecutionOrderSort (0ms)
		DisableScriptedObjects (8ms)
		BackupInstance (0ms)
		ReleaseScriptingObjects (0ms)
		CreateAndSetChildDomain (34ms)
	RebuildCommonClasses (22ms)
	RebuildNativeTypeToScriptingClass (8ms)
	initialDomainReloadingComplete (20ms)
	LoadAllAssembliesAndSetupDomain (313ms)
		LoadAssemblies (190ms)
		RebuildTransferFunctionScriptingTraits (0ms)
		AnalyzeDomain (167ms)
			TypeCache.Refresh (164ms)
				TypeCache.ScanAssembly (156ms)
			ScanForSourceGeneratedMonoScriptInfo (0ms)
			ResolveRequiredComponents (4ms)
	FinalizeReload (605ms)
		ReleaseScriptCaches (0ms)
		RebuildScriptCaches (0ms)
		SetupLoadedEditorAssemblies (261ms)
			LogAssemblyErrors (0ms)
			InitializePlatformSupportModulesInManaged (4ms)
			SetLoadedEditorAssemblies (3ms)
			RefreshPlugins (0ms)
			BeforeProcessingInitializeOnLoad (48ms)
			ProcessInitializeOnLoadAttributes (179ms)
			ProcessInitializeOnLoadMethodAttributes (22ms)
			AfterProcessingInitializeOnLoad (5ms)
			EditorAssembliesLoaded (0ms)
		ExecutionOrderSort2 (0ms)
		AwakeInstancesAfterBackupRestoration (9ms)
Refreshing native plugins compatible for Editor in 3.42 ms, found 4 plugins.
Preloading 0 native plugins for Editor in 0.00 ms.
Unloading 4205 Unused Serialized files (Serialized files now loaded: 0)
Unloading 42 unused Assets / (288.4 KB). Loaded Objects now: 4733.
Memory consumption went from 147.5 MB to 147.2 MB.
Total: 3.532500 ms (FindLiveObjects: 0.350900 ms CreateObjectMapping: 0.106500 ms MarkObjects: 2.915800 ms  DeleteObjects: 0.158000 ms)

Prepare: number of updated asset objects reloaded= 0
AssetImportParameters requested are different than current active one (requested -> active):
  custom:container-demuxer-ogg: 62fdf1f143b41e24485cea50d1cbac27 -> 
  custom:video-codec-MediaFoundation-h265: 746d11721c4dcdbdad8f713fa42b33f4 -> 
  custom:video-decoder-ogg-theora: a1e56fd34408186e4bbccfd4996cb3dc -> 
  custom:framework-win-MediaFoundation: 216162199b28c13a410421893ffa2e32 -> 
  custom:CustomObjectIndexerAttribute: 756ad292c208cfabdd7b50bc23989ffe -> 
  custom:container-demuxer-webm: 4f35f7cbe854078d1ac9338744f61a02 -> 
  custom:container-muxer-webm: aa71ff27fc2769a1b78a27578f13a17b -> 
  custom:video-decoder-webm-vp8: 9c59270c3fd7afecdb556c50c9e8de78 -> 
  custom:SearchIndexIgnoredProperties: e643bd26f0fe6173181afceb89e7c659 -> 
  custom:AudioImporter_EditorPlatform: d09bf68614088b80899f8185d706f6e7 -> 
  custom:video-encoder-webm-vp8: eb34c28f22e8b96e1ab97ce403110664 -> 
  custom:audio-decoder-ogg-vorbis: bf7c407c2cedff20999df2af8eb42d56 -> 
  custom:audio-encoder-webm-vorbis: bf7c407c2cedff20999df2af8eb42d56 -> 
========================================================================
Received Import Request.
  Time since last request: 53.189103 seconds.
  path: Assets/Test_re/Free Pixel Army/Sprites/Humans/Helmet/Helmet.png
  artifactKey: Guid(564fedabfe62bd5439a41debe47e7d9a) Importer(815301076,1909f56bfc062723c751e8b465ee728b)
Start importing Assets/Test_re/Free Pixel Army/Sprites/Humans/Helmet/Helmet.png using Guid(564fedabfe62bd5439a41debe47e7d9a) Importer(815301076,1909f56bfc062723c751e8b465ee728b)  -> (artifact id: '127cbe5c76a7a3ab8cfa2a8d0d1e1eea') in 0.048313 seconds
Number of updated asset objects reloaded before import = 0
Number of asset objects unloaded after import = 3
========================================================================
Received Import Request.
  Time since last request: 0.248809 seconds.
  path: Assets/Test_re/Free Pixel Army/Sprites/Humans/Helmet/WalkHelmetAnim.png
  artifactKey: Guid(2f3ad70f19a882142b9f050d699fd4e0) Importer(815301076,1909f56bfc062723c751e8b465ee728b)
Start importing Assets/Test_re/Free Pixel Army/Sprites/Humans/Helmet/WalkHelmetAnim.png using Guid(2f3ad70f19a882142b9f050d699fd4e0) Importer(815301076,1909f56bfc062723c751e8b465ee728b)  -> (artifact id: '4aa0acf322e93f807686e64add5dd5da') in 0.013730 seconds
Number of updated asset objects reloaded before import = 0
Number of asset objects unloaded after import = 5
========================================================================
Received Import Request.
  Time since last request: 4.106634 seconds.
  path: Assets/Test_re/Free Pixel Army/Sprites/Humans/Helmet/Animation
  artifactKey: Guid(0aabcf3745ccc9145bdb1039f31d5e26) Importer(815301076,1909f56bfc062723c751e8b465ee728b)
Start importing Assets/Test_re/Free Pixel Army/Sprites/Humans/Helmet/Animation using Guid(0aabcf3745ccc9145bdb1039f31d5e26) Importer(815301076,1909f56bfc062723c751e8b465ee728b)  -> (artifact id: '9a2a28e168c5ac7b6f6c847453c131a0') in 0.000565 seconds
Number of updated asset objects reloaded before import = 0
Number of asset objects unloaded after import = 0
========================================================================
Received Import Request.
  Time since last request: 3.625634 seconds.
  path: Assets/Test_re/Free Pixel Army/Sprites/Humans/Helmet/Animation/Bored.anim
  artifactKey: Guid(68d090c4d9ee34342a581b9682cea64b) Importer(815301076,1909f56bfc062723c751e8b465ee728b)
Start importing Assets/Test_re/Free Pixel Army/Sprites/Humans/Helmet/Animation/Bored.anim using Guid(68d090c4d9ee34342a581b9682cea64b) Importer(815301076,1909f56bfc062723c751e8b465ee728b)  -> (artifact id: 'a2f8542e2995dc386da919a7b34b8931') in 0.001048 seconds
Number of updated asset objects reloaded before import = 0
Number of asset objects unloaded after import = 1
========================================================================
Received Import Request.
  Time since last request: 7.623398 seconds.
  path: Assets/Test_re/Free Pixel Army/Sprites/Humans/General/WalkGeneralAnim.png
  artifactKey: Guid(c8916a36d83f4ee43bf659967ba70d05) Importer(815301076,1909f56bfc062723c751e8b465ee728b)
Start importing Assets/Test_re/Free Pixel Army/Sprites/Humans/General/WalkGeneralAnim.png using Guid(c8916a36d83f4ee43bf659967ba70d05) Importer(815301076,1909f56bfc062723c751e8b465ee728b)  -> (artifact id: 'ab4a5317e7fd2b6f040ec495d6b5eea2') in 0.016060 seconds
Number of updated asset objects reloaded before import = 0
Number of asset objects unloaded after import = 5
========================================================================
Received Import Request.
  Time since last request: 0.181951 seconds.
  path: Assets/Test_re/Free Pixel Army/Sprites/Humans/General/YawnGeneralAnim.png
  artifactKey: Guid(693dd52bfe272af469505f6777e3ae17) Importer(815301076,1909f56bfc062723c751e8b465ee728b)
Start importing Assets/Test_re/Free Pixel Army/Sprites/Humans/General/YawnGeneralAnim.png using Guid(693dd52bfe272af469505f6777e3ae17) Importer(815301076,1909f56bfc062723c751e8b465ee728b)  -> (artifact id: 'e7afe663ee3b2959bb9837306424684b') in 0.016788 seconds
Number of updated asset objects reloaded before import = 0
Number of asset objects unloaded after import = 5
========================================================================
Received Import Request.
  Time since last request: 11.021730 seconds.
  path: Assets/Test_re/tile/tile_0050.asset
  artifactKey: Guid(d669d5ddf0bdfd34693372785d65eec3) Importer(815301076,1909f56bfc062723c751e8b465ee728b)
Start importing Assets/Test_re/tile/tile_0050.asset using Guid(d669d5ddf0bdfd34693372785d65eec3) Importer(815301076,1909f56bfc062723c751e8b465ee728b)  -> (artifact id: '2b7cd50d5f44b6fbfdf5463e7a949b71') in 0.015342 seconds
Number of updated asset objects reloaded before import = 0
Number of asset objects unloaded after import = 3
========================================================================
Received Import Request.
  Time since last request: 0.589606 seconds.
  path: Assets/Test_re/tile/wall_2.asset
  artifactKey: Guid(9626a40735046de45bb5bfeebf9847bd) Importer(815301076,1909f56bfc062723c751e8b465ee728b)
Start importing Assets/Test_re/tile/wall_2.asset using Guid(9626a40735046de45bb5bfeebf9847bd) Importer(815301076,1909f56bfc062723c751e8b465ee728b)  -> (artifact id: 'd161de153695d4086e6677d25bc48f92') in 0.017171 seconds
Number of updated asset objects reloaded before import = 0
Number of asset objects unloaded after import = 3
========================================================================
Received Import Request.
  Time since last request: 28.364818 seconds.
  path: Assets/Test_re/tile/1.prefab
  artifactKey: Guid(487ec512391e68348a14ad3223c50054) Importer(815301076,1909f56bfc062723c751e8b465ee728b)
Start importing Assets/Test_re/tile/1.prefab using Guid(487ec512391e68348a14ad3223c50054) Importer(815301076,1909f56bfc062723c751e8b465ee728b)  -> (artifact id: '4db3360fe9f5eb4fb25aeae28e810067') in 0.026178 seconds
Number of updated asset objects reloaded before import = 0
Number of asset objects unloaded after import = 16
========================================================================
Received Prepare
Begin MonoManager ReloadAssembly
Symbol file LoadedFromMemory doesn't match image D:\workspace\unity_workspace\LD56_TC1\Library\PackageCache\com.unity.visualscripting@1.8.0\Editor\VisualScripting.Core\Dependencies\YamlDotNet\Unity.VisualScripting.YamlDotNet.dll
Symbol file LoadedFromMemory doesn't match image D:\workspace\unity_workspace\LD56_TC1\Library\PackageCache\com.unity.visualscripting@1.8.0\Editor\VisualScripting.Core\Dependencies\DotNetZip\Unity.VisualScripting.IonicZip.dll
- Loaded All Assemblies, in  0.469 seconds
Refreshing native plugins compatible for Editor in 3.40 ms, found 4 plugins.
Native extension for WindowsStandalone target not found
Native extension for WebGL target not found
Mono: successfully reloaded assembly
- Finished resetting the current domain, in  0.589 seconds
Domain Reload Profiling: 1056ms
	BeginReloadAssembly (102ms)
		ExecutionOrderSort (0ms)
		DisableScriptedObjects (8ms)
		BackupInstance (0ms)
		ReleaseScriptingObjects (0ms)
		CreateAndSetChildDomain (28ms)
	RebuildCommonClasses (21ms)
	RebuildNativeTypeToScriptingClass (7ms)
	initialDomainReloadingComplete (23ms)
	LoadAllAssembliesAndSetupDomain (314ms)
		LoadAssemblies (181ms)
		RebuildTransferFunctionScriptingTraits (0ms)
		AnalyzeDomain (168ms)
			TypeCache.Refresh (164ms)
				TypeCache.ScanAssembly (157ms)
			ScanForSourceGeneratedMonoScriptInfo (0ms)
			ResolveRequiredComponents (4ms)
	FinalizeReload (590ms)
		ReleaseScriptCaches (0ms)
		RebuildScriptCaches (0ms)
		SetupLoadedEditorAssemblies (248ms)
			LogAssemblyErrors (0ms)
			InitializePlatformSupportModulesInManaged (4ms)
			SetLoadedEditorAssemblies (3ms)
			RefreshPlugins (0ms)
			BeforeProcessingInitializeOnLoad (49ms)
			ProcessInitializeOnLoadAttributes (169ms)
			ProcessInitializeOnLoadMethodAttributes (21ms)
			AfterProcessingInitializeOnLoad (4ms)
			EditorAssembliesLoaded (0ms)
		ExecutionOrderSort2 (0ms)
		AwakeInstancesAfterBackupRestoration (8ms)
Refreshing native plugins compatible for Editor in 2.90 ms, found 4 plugins.
Preloading 0 native plugins for Editor in 0.00 ms.
Unloading 4205 Unused Serialized files (Serialized files now loaded: 0)
Unloading 42 unused Assets / (288.3 KB). Loaded Objects now: 4750.
Memory consumption went from 147.5 MB to 147.2 MB.
Total: 2.339100 ms (FindLiveObjects: 0.182200 ms CreateObjectMapping: 0.106700 ms MarkObjects: 1.905000 ms  DeleteObjects: 0.144000 ms)

Prepare: number of updated asset objects reloaded= 0
AssetImportParameters requested are different than current active one (requested -> active):
  custom:container-demuxer-ogg: 62fdf1f143b41e24485cea50d1cbac27 -> 
  custom:video-codec-MediaFoundation-h265: 746d11721c4dcdbdad8f713fa42b33f4 -> 
  custom:video-decoder-ogg-theora: a1e56fd34408186e4bbccfd4996cb3dc -> 
  custom:framework-win-MediaFoundation: 216162199b28c13a410421893ffa2e32 -> 
  custom:CustomObjectIndexerAttribute: 756ad292c208cfabdd7b50bc23989ffe -> 
  custom:container-demuxer-webm: 4f35f7cbe854078d1ac9338744f61a02 -> 
  custom:container-muxer-webm: aa71ff27fc2769a1b78a27578f13a17b -> 
  custom:video-decoder-webm-vp8: 9c59270c3fd7afecdb556c50c9e8de78 -> 
  custom:SearchIndexIgnoredProperties: e643bd26f0fe6173181afceb89e7c659 -> 
  custom:AudioImporter_EditorPlatform: d09bf68614088b80899f8185d706f6e7 -> 
  custom:video-encoder-webm-vp8: eb34c28f22e8b96e1ab97ce403110664 -> 
  custom:audio-decoder-ogg-vorbis: bf7c407c2cedff20999df2af8eb42d56 -> 
  custom:audio-encoder-webm-vorbis: bf7c407c2cedff20999df2af8eb42d56 -> 
